{ } [ ] # ## ( ) 
<: :> <% %> %: %:%: ; : ... 
new delete ? :: . .* 
+ - * / % ˆ & | 
∼ 
! = < > += -= *= /= %= 
ˆ= &= |= << >> >>= <<= == != 
<= >= && || ++ -- , ->* -> 
and and_eq bitand bitor compl not not_eq 
or or_eq xor xor_eq 

while do for explicit this const volatile union alignas
asm mutable thread_local static register typedef sizeof
if then else typeid constexpr dynamic_cast static_cast
reinterpret_cast const_cast switch virtual alignof
friend typename private protected public export try
catch static_assert inline namespace template case
default using enum class struct throw break continue
return goto extern 0

char 
char16_t 
char32_t 
wchar_t 
bool 
short 
int 
long 
signed 
unsigned 
float 
double 
void 
auto 
decltype